C51 COMPILER V9.54   MAIN                                                                  11/20/2024 22:55:35 PAGE 1   


C51 COMPILER V9.54, COMPILATION OF MODULE MAIN
OBJECT MODULE PLACED IN .\Objects\main.obj
COMPILER INVOKED BY: C:\Keil_v5\C51\BIN\C51.EXE main.c OPTIMIZE(9,SPEED) BROWSE DEBUG OBJECTEXTEND PRINT(.\Listings\main
                    -.lst) OBJECT(.\Objects\main.obj)

line level    source

   1          /*
   2          
   3          // 本程序基于江协科技51单片机入门教程的开源代码，对江协科技在开源社区的
             -私贡献表示感谢
   4          // 课程链接：https://www.bilibili.com/video/BV1Mb411e7re?spm_id_from=333.788.videopod.episodes&vd_sou
             -rce=4f296841ea6b433f1b35b1d40226e77d&p=24
   5          
   6          */
   7          
   8          /*
   9          
  10          // 此程序为湖南科技大学2022级电气（卓越）班单片机课程设计第12题多功能闹钟
             -代码
  11          // (1) 时钟功能：具有24小时或12小时的计时方式，显示时、分、秒。
  12          // (2) 具有快速校准时、分、秒的功能。
  13          // (3) 能设定起闹时刻，响闹时间为1分钟，超过1分钟自动停；具有人工止闹功能
             -止闹后不再重新操作，将不再发生起闹。
  14          // 扩展功能：能同时设置3个闹钟。
  15          
  16          */
  17          
  18          //=============================================================================================
  19          //=============================================================================================
  20          //=============================================================================================
  21          //
  22          // Date                 Author          Notes
  23          // 20/11/2024   YHY             Initial release
  24          //
  25          //=============================================================================================
  26          //=============================================================================================
  27          //=============================================================================================
  28          
  29          
  30          #include <REGX52.H>
  31          #include "LCD1602.h"
  32          #include "DS1302.h"
  33          #include "Key.h"
  34          #include "Timer0.h"
  35          #include "Buzzer.h"
  36          #include "MatrixKey.h"
  37          #include "math.h"
  38          
  39          //=============================================================================================
  40          // 记录程序运行的总毫秒数，这里没有用到
  41          volatile unsigned int millis;
  42          
  43          //=============================================================================================
  44          // 变量声明
  45          unsigned char timeMode, clockMode;
  46          unsigned char keyNum, matrixKeyNum;
  47          unsigned char flashFlag;
  48          char timeSetSelect, clockSetSelect;
  49          char clockCnt, clockI, clockRing, lastMinute;
  50          int inputDigit;
C51 COMPILER V9.54   MAIN                                                                  11/20/2024 22:55:35 PAGE 2   

  51          char clock[3][3] = {{7, 0, 0}, {13, 30, 0}, {22, 0, 0}};
  52          
  53          //=============================================================================================
  54          // 显示时间
  55          void TimeShow(void) {
  56   1              DS1302_ReadTime();// 读取时间
  57   1              LCD_ShowNum(1, 1, DS1302_Time[0], 2);// 显示年
  58   1              LCD_ShowNum(1, 4, DS1302_Time[1], 2);// 显示月
  59   1              LCD_ShowNum(1, 7, DS1302_Time[2], 2);// 显示日
  60   1              LCD_ShowNum(2, 1, DS1302_Time[3], 2);// 显示时
  61   1              LCD_ShowNum(2, 4, DS1302_Time[4], 2);// 显示分
  62   1              LCD_ShowNum(2, 7, DS1302_Time[5], 2);// 显示秒
  63   1      }
  64          
  65          //=============================================================================================
  66          // 校准时间
  67          void TimeSet(void) {
  68   1          
  69   1          // 矩阵按键1 ~ 10输入数据给DS1302_Time数组
  70   1          // 矩阵按键11让输入数据位左移一位
  71   1          // 矩阵按键11让输入数据位右移一位
  72   1          if (matrixKeyNum > 0 && matrixKeyNum <= 10) {
  73   2              inputDigit += matrixKeyNum % 10;
  74   2              DS1302_Time[timeSetSelect] = inputDigit;
  75   2              if(inputDigit >= 10) inputDigit = 0;
  76   2              inputDigit *= 10;
  77   2          } else if (matrixKeyNum == 11) {   
  78   2              targetNumChange(&timeSetSelect, -1, 0, 5);
  79   2              } else if (matrixKeyNum == 12) {
  80   2              targetNumChange(&timeSetSelect, 1, 0, 5);
  81   2          }
  82   1          
  83   1          // 限制数据范围满足年月日，时分秒
  84   1          targetNumChange(&DS1302_Time[0], 0, 0, 99);
  85   1          targetNumChange(&DS1302_Time[1], 0, 1, 12);
  86   1          if (DS1302_Time[1] == 1 || DS1302_Time[1] == 3 || DS1302_Time[1] == 5 || 
  87   1              DS1302_Time[1] == 7 || DS1302_Time[1] == 8 || DS1302_Time[1] == 10 || 
  88   1              DS1302_Time[1] == 12) {
  89   2              targetNumChange(&DS1302_Time[2], 0, 1, 31);
  90   2          }
  91   1          else if(DS1302_Time[1] == 4 || DS1302_Time[1] == 6 || DS1302_Time[1] == 9 || DS1302_Time[1] == 11) {
  92   2              targetNumChange(&DS1302_Time[2], 0, 1, 30);
  93   2          }
  94   1          else if(DS1302_Time[1] == 2) {
  95   2              if(DS1302_Time[0] % 4) {
  96   3                  targetNumChange(&DS1302_Time[2], 0, 1, 28);
  97   3              }
  98   2              else {
  99   3                  targetNumChange(&DS1302_Time[2], 0, 1, 29);
 100   3              }
 101   2          }
 102   1          targetNumChange(&DS1302_Time[3], 0, 0, 29);
 103   1          targetNumChange(&DS1302_Time[4], 0, 0, 59);
 104   1          targetNumChange(&DS1302_Time[5], 0, 0, 59);
 105   1          
 106   1              // 更新显示
 107   1              if(timeSetSelect == 0 && flashFlag == 1){LCD_ShowString(1, 1, "  ");}
 108   1              else {LCD_ShowNum(1, 1, DS1302_Time[0], 2);}
 109   1              if(timeSetSelect==1 && flashFlag==1){LCD_ShowString(1, 4, "  ");}
 110   1              else {LCD_ShowNum(1, 4, DS1302_Time[1], 2);}
 111   1              if(timeSetSelect==2 && flashFlag==1){LCD_ShowString(1, 7, "  ");}
 112   1              else {LCD_ShowNum(1, 7, DS1302_Time[2], 2);}
C51 COMPILER V9.54   MAIN                                                                  11/20/2024 22:55:35 PAGE 3   

 113   1              if(timeSetSelect==3 && flashFlag==1){LCD_ShowString(2, 1, "  ");}
 114   1              else {LCD_ShowNum(2, 1, DS1302_Time[3], 2);}
 115   1              if(timeSetSelect==4 && flashFlag==1){LCD_ShowString(2, 4, "  ");}
 116   1              else {LCD_ShowNum(2, 4, DS1302_Time[4], 2);}
 117   1              if(timeSetSelect==5 && flashFlag==1){LCD_ShowString(2, 7, "  ");}
 118   1              else {LCD_ShowNum(2, 7, DS1302_Time[5], 2);}
 119   1      }
 120          
 121          //=============================================================================================
 122          // 显示闹钟，将第cnt + 1个响铃时间输出到LCD1602上
 123          void clockShow(char cnt) {
 124   1          LCD_ShowString(1, 10, "Clock :");
 125   1          LCD_ShowNum(1, 15, cnt + 1, 1);
 126   1              LCD_ShowNum(2, 10, clock[cnt][0], 2);// 显示时
 127   1              LCD_ShowNum(2, 13, clock[cnt][1], 2);// 显示分
 128   1          
 129   1      }
 130          
 131          //=============================================================================================
 132          // 设置闹钟，设置第cnt + 1个闹钟的响铃时间
 133          void clockSet(char cnt) {
 134   1          LCD_ShowNum(1, 15, cnt + 1, 1);
 135   1          
 136   1          // 矩阵按键1 ~ 10输入数据给clock数组
 137   1          // 矩阵按键11让输入数据位左移一位
 138   1          // 矩阵按键12让输入数据位右移一位
 139   1          if (matrixKeyNum > 0 && matrixKeyNum <= 10) {
 140   2              inputDigit += matrixKeyNum % 10;
 141   2              clock[cnt][clockSetSelect] = inputDigit;
 142   2              if(inputDigit >= 10) inputDigit = 0;
 143   2              inputDigit *= 10;
 144   2          } else if (matrixKeyNum == 11) {   
 145   2              targetNumChange(&clockSetSelect, -1, 0, 1);
 146   2              } else if (matrixKeyNum == 12) {
 147   2              targetNumChange(&clockSetSelect, 1, 0, 1);
 148   2          }    
 149   1          
 150   1          targetNumChange(&clock[cnt][0], 0, 0, 29);
 151   1          targetNumChange(&clock[cnt][1], 0, 0, 59);
 152   1         
 153   1              // 更新显示
 154   1              if (clockSetSelect == 0 && flashFlag == 1) {
 155   2              LCD_ShowString(2, 10, "  ");
 156   2          } else {
 157   2              LCD_ShowNum(2, 10, clock[cnt][0], 2);
 158   2          }
 159   1          
 160   1              if (clockSetSelect == 1 && flashFlag == 1) {
 161   2              LCD_ShowString(2, 13, "  ");
 162   2          } else {
 163   2              LCD_ShowNum(2, 13, clock[cnt][1], 2);
 164   2          }
 165   1      }
 166          
 167          //=============================================================================================
 168          // 主函数
 169          void main(void)
 170          {
 171   1          // 初始化输出模块LCD1602
 172   1              LCD_Init();
 173   1          
 174   1          // 初始化时钟模块DS1302
C51 COMPILER V9.54   MAIN                                                                  11/20/2024 22:55:35 PAGE 4   

 175   1              DS1302_Init();
 176   1          
 177   1          // 初始化定时计数器0
 178   1              Timer0Init();
 179   1          
 180   1              // 将默认时间从RAM输出到DS1302模块
 181   1              DS1302_SetTime(); 
 182   1          
 183   1          // 更新上一次检测响铃的时间
 184   1          lastMinute = DS1302_Time[4] - 1;
 185   1          
 186   1          // 静态字符初始化显示
 187   1              LCD_ShowString(1, 1, "  -  -  "); 
 188   1              LCD_ShowString(2, 1, "  :  :  ");
 189   1              LCD_ShowString(2, 12, ":");
 190   1          
 191   1          // 主循环
 192   1              while(1)
 193   1              {
 194   2              // 按键输入
 195   2              matrixKeyNum = MatrixKey();
 196   2              keyNum = Key();
 197   2              
 198   2              
 199   2              // 如果独立按键输入，显示当前时间或某个响铃时间，并如果对应闹钟正
             -响铃，进行止闹
 200   2              if (keyNum) {
 201   3                  switch(keyNum) {
 202   4                      case 1: TimeShow(); break;
 203   4                      case 2: clockCnt = 0; break;
 204   4                      case 3: clockCnt = 1; break;
 205   4                      case 4: clockCnt = 2; break;
 206   4                  }    
 207   3                  clockShow(clockCnt);
 208   3                  if(clockCnt == clockRing) clockRing = 3;
 209   3              }
 210   2              
 211   2              // 如果矩阵按键13按下，进行时间校准，校准完毕后再按下则将校准时间输
             -出到DS1302时钟模块
 212   2              // 如果矩阵按键14按下，进行当前所显示闹钟的响铃时间调整
 213   2                      if (matrixKeyNum == 13) 
 214   2                      {
 215   3                  if (timeMode == 0) {
 216   4                      timeSetSelect = 0;
 217   4                  } else if (timeMode == 1) {
 218   4                      DS1302_SetTime();
 219   4                  }
 220   3                  timeMode ^= 1;
 221   3                      } else if (matrixKeyNum == 14) {
 222   3                  clockSetSelect = 0;
 223   3                  clockMode ^= 1;
 224   3                      }
 225   2              
 226   2              
 227   2              // 如果当前时间模式为0，那么显示时间
 228   2              // 如果当前时间模式为1，那么校准时间
 229   2              if(timeMode == 0) {
 230   3                  TimeShow();
 231   3              } else if (timeMode == 1) {
 232   3                  TimeSet();
 233   3              }
 234   2              
C51 COMPILER V9.54   MAIN                                                                  11/20/2024 22:55:35 PAGE 5   

 235   2              
 236   2              // 如果当前闹钟模式为0，那么显示对应闹钟
 237   2              // 如果当前闹钟模式为1，那么设置对应闹钟
 238   2              if(clockMode == 0) {
 239   3                  clockShow(clockCnt);
 240   3              } else if (clockMode == 1) {
 241   3                  clockSet(clockCnt);
 242   3              }
 243   2              
 244   2              
 245   2              // 固定一分钟检测是否有闹钟满足响铃条件
 246   2              // 如果检测到某个闹钟满足响铃条件，记录下来并响铃
 247   2              if(DS1302_Time[4] != lastMinute) {
 248   3                  lastMinute = DS1302_Time[4];
 249   3                  for(clockI = 0; clockI < 3; ++clockI) {
 250   4                      if(DS1302_Time[3] == clock[clockI][0] && 
 251   4                         DS1302_Time[4] == clock[clockI][1] && 
 252   4                         DS1302_Time[5] >= clock[clockI][2]) {     
 253   5                          clockRing = clockI; break;
 254   5                      } else {
 255   5                          clockRing = 3;
 256   5                      }
 257   4                  }   
 258   3              }
 259   2              
 260   2              // clockRing = 0 ~ 2 表示闹钟0 ~ 2正在响铃
 261   2              // clockRing = 3 表示无闹钟起闹
 262   2              if(clockRing != 3) Buzzer_Time(1);
 263   2              
 264   2              }
 265   1      }
 266          
 267          //=============================================================================================
 268          // 定时器0中断，每500ms将闪烁标志位取反
 269          void Timer0_Routine() interrupt 1
 270          {
 271   1              static unsigned int T0Count;
 272   1              TL0 = 0x18;             // 设置定时初值
 273   1              TH0 = 0xFC;             // 设置定时初值
 274   1          ++millis;
 275   1              T0Count++;
 276   1              if(T0Count >= 500)// 每500ms进入一次
 277   1              {
 278   2                      T0Count = 0;
 279   2                      flashFlag ^= 1; // 闪烁标志位取反
 280   2              }
 281   1      }


MODULE INFORMATION:   STATIC OVERLAYABLE
   CODE SIZE        =   1242    ----
   CONSTANT SIZE    =     31    ----
   XDATA SIZE       =   ----    ----
   PDATA SIZE       =   ----    ----
   DATA SIZE        =     26       2
   IDATA SIZE       =   ----    ----
   BIT SIZE         =   ----    ----
END OF MODULE INFORMATION.


C51 COMPILATION COMPLETE.  0 WARNING(S),  0 ERROR(S)
